# JRE version: OpenJDK Runtime Environment (Zulu 8.54.0.21-CA-macos-aarch64) (8.0_292-b10) (build 1.8.0_292-b10)
# Java VM: OpenJDK 64-Bit Server VM (25.292-b10 mixed mode bsd-aarch64 compressed oops)
Heap:
 PSYoungGen      total 273920K, used 8213K [0x00000007aab00000, 0x00000007bd300000, 0x00000007c0000000)
  eden space 265216K, 0% used [0x00000007aab00000,0x00000007aab00000,0x00000007bae00000)
  from space 8704K, 94% used [0x00000007bae00000,0x00000007bb6056d8,0x00000007bb680000)
  to   space 18944K, 0% used [0x00000007bc080000,0x00000007bc080000,0x00000007bd300000)
 ParOldGen       total 87552K, used 69945K [0x0000000780000000, 0x0000000785580000, 0x00000007aab00000)
  object space 87552K, 79% used [0x0000000780000000,0x000000078444e4e8,0x0000000785580000)
 Metaspace       used 14236K, capacity 14832K, committed 15104K, reserved 1062912K
  class space    used 2094K, capacity 2229K, committed 2304K, reserved 1048576K
GC Heap History (10 events):
Event: 14.443 GC heap after
Heap after GC invocations=31 (full 12):
 PSYoungGen      total 272896K, used 7264K [0x00000007aab00000, 0x00000007bd500000, 0x00000007c0000000)
  eden space 265216K, 0% used [0x00000007aab00000,0x00000007aab00000,0x00000007bae00000)
  from space 7680K, 94% used [0x00000007bae00000,0x00000007bb518000,0x00000007bb580000)
  to   space 19968K, 0% used [0x00000007bc180000,0x00000007bc180000,0x00000007bd500000)
 ParOldGen       total 87552K, used 63616K [0x0000000780000000, 0x0000000785580000, 0x00000007aab00000)
  object space 87552K, 72% used [0x0000000780000000,0x0000000783e20058,0x0000000785580000)
 Metaspace       used 13679K, capacity 14266K, committed 14592K, reserved 1060864K
  class space    used 2055K, capacity 2188K, committed 2304K, reserved 1048576K
}
Event: 14.443 GC heap before
{Heap before GC invocations=32 (full 13):
 PSYoungGen      total 272896K, used 7264K [0x00000007aab00000, 0x00000007bd500000, 0x00000007c0000000)
  eden space 265216K, 0% used [0x00000007aab00000,0x00000007aab00000,0x00000007bae00000)
  from space 7680K, 94% used [0x00000007bae00000,0x00000007bb518000,0x00000007bb580000)
  to   space 19968K, 0% used [0x00000007bc180000,0x00000007bc180000,0x00000007bd500000)
 ParOldGen       total 87552K, used 63616K [0x0000000780000000, 0x0000000785580000, 0x00000007aab00000)
  object space 87552K, 72% used [0x0000000780000000,0x0000000783e20058,0x0000000785580000)
 Metaspace       used 13679K, capacity 14266K, committed 14592K, reserved 1060864K
  class space    used 2055K, capacity 2188K, committed 2304K, reserved 1048576K
Event: 14.540 GC heap after
Heap after GC invocations=32 (full 13):
 PSYoungGen      total 272896K, used 0K [0x00000007aab00000, 0x00000007bd500000, 0x00000007c0000000)
  eden space 265216K, 0% used [0x00000007aab00000,0x00000007aab00000,0x00000007bae00000)
  from space 7680K, 0% used [0x00000007bae00000,0x00000007bae00000,0x00000007bb580000)
  to   space 19968K, 0% used [0x00000007bc180000,0x00000007bc180000,0x00000007bd500000)
 ParOldGen       total 87552K, used 69928K [0x0000000780000000, 0x0000000785580000, 0x00000007aab00000)
  object space 87552K, 79% used [0x0000000780000000,0x000000078444a118,0x0000000785580000)
 Metaspace       used 13679K, capacity 14266K, committed 14592K, reserved 1060864K
  class space    used 2055K, capacity 2188K, committed 2304K, reserved 1048576K
}
Event: 14.569 GC heap before
{Heap before GC invocations=33 (full 13):
 PSYoungGen      total 272896K, used 5286K [0x00000007aab00000, 0x00000007bd500000, 0x00000007c0000000)
  eden space 265216K, 1% used [0x00000007aab00000,0x00000007ab0299a8,0x00000007bae00000)
  from space 7680K, 0% used [0x00000007bae00000,0x00000007bae00000,0x00000007bb580000)
  to   space 19968K, 0% used [0x00000007bc180000,0x00000007bc180000,0x00000007bd500000)
 ParOldGen       total 87552K, used 69928K [0x0000000780000000, 0x0000000785580000, 0x00000007aab00000)
  object space 87552K, 79% used [0x0000000780000000,0x000000078444a118,0x0000000785580000)
 Metaspace       used 13679K, capacity 14266K, committed 14592K, reserved 1060864K
  class space    used 2055K, capacity 2188K, committed 2304K, reserved 1048576K
Event: 14.569 GC heap after
Heap after GC invocations=33 (full 13):
 PSYoungGen      total 285184K, used 192K [0x00000007aab00000, 0x00000007bd500000, 0x00000007c0000000)
  eden space 265216K, 0% used [0x00000007aab00000,0x00000007aab00000,0x00000007bae00000)
  from space 19968K, 0% used [0x00000007bc180000,0x00000007bc1b0000,0x00000007bd500000)
  to   space 19968K, 0% used [0x00000007bae00000,0x00000007bae00000,0x00000007bc180000)
 ParOldGen       total 87552K, used 69928K [0x0000000780000000, 0x0000000785580000, 0x00000007aab00000)
  object space 87552K, 79% used [0x0000000780000000,0x000000078444a118,0x0000000785580000)
 Metaspace       used 13679K, capacity 14266K, committed 14592K, reserved 1060864K
  class space    used 2055K, capacity 2188K, committed 2304K, reserved 1048576K
}
Event: 14.569 GC heap before
{Heap before GC invocations=34 (full 14):
 PSYoungGen      total 285184K, used 192K [0x00000007aab00000, 0x00000007bd500000, 0x00000007c0000000)
  eden space 265216K, 0% used [0x00000007aab00000,0x00000007aab00000,0x00000007bae00000)
  from space 19968K, 0% used [0x00000007bc180000,0x00000007bc1b0000,0x00000007bd500000)
  to   space 19968K, 0% used [0x00000007bae00000,0x00000007bae00000,0x00000007bc180000)
 ParOldGen       total 87552K, used 69928K [0x0000000780000000, 0x0000000785580000, 0x00000007aab00000)
  object space 87552K, 79% used [0x0000000780000000,0x000000078444a118,0x0000000785580000)
 Metaspace       used 13679K, capacity 14266K, committed 14592K, reserved 1060864K
  class space    used 2055K, capacity 2188K, committed 2304K, reserved 1048576K
Event: 14.659 GC heap after
Heap after GC invocations=34 (full 14):
 PSYoungGen      total 285184K, used 0K [0x00000007aab00000, 0x00000007bd500000, 0x00000007c0000000)
  eden space 265216K, 0% used [0x00000007aab00000,0x00000007aab00000,0x00000007bae00000)
  from space 19968K, 0% used [0x00000007bc180000,0x00000007bc180000,0x00000007bd500000)
  to   space 19968K, 0% used [0x00000007bae00000,0x00000007bae00000,0x00000007bc180000)
 ParOldGen       total 87552K, used 69937K [0x0000000780000000, 0x0000000785580000, 0x00000007aab00000)
  object space 87552K, 79% used [0x0000000780000000,0x000000078444c4e8,0x0000000785580000)
 Metaspace       used 13679K, capacity 14266K, committed 14592K, reserved 1060864K
  class space    used 2055K, capacity 2188K, committed 2304K, reserved 1048576K
}
Event: 15.030 GC heap before
{Heap before GC invocations=35 (full 14):
 PSYoungGen      total 285184K, used 106638K [0x00000007aab00000, 0x00000007bd500000, 0x00000007c0000000)
  eden space 265216K, 40% used [0x00000007aab00000,0x00000007b13239c0,0x00000007bae00000)
  from space 19968K, 0% used [0x00000007bc180000,0x00000007bc180000,0x00000007bd500000)
  to   space 19968K, 0% used [0x00000007bae00000,0x00000007bae00000,0x00000007bc180000)
 ParOldGen       total 87552K, used 69937K [0x0000000780000000, 0x0000000785580000, 0x00000007aab00000)
  object space 87552K, 79% used [0x0000000780000000,0x000000078444c4e8,0x0000000785580000)
 Metaspace       used 14236K, capacity 14832K, committed 15104K, reserved 1062912K
  class space    used 2094K, capacity 2229K, committed 2304K, reserved 1048576K
Event: 15.034 GC heap after
Heap after GC invocations=35 (full 14):
 PSYoungGen      total 273920K, used 8213K [0x00000007aab00000, 0x00000007bd300000, 0x00000007c0000000)
  eden space 265216K, 0% used [0x00000007aab00000,0x00000007aab00000,0x00000007bae00000)
  from space 8704K, 94% used [0x00000007bae00000,0x00000007bb6056d8,0x00000007bb680000)
  to   space 18944K, 0% used [0x00000007bc080000,0x00000007bc080000,0x00000007bd300000)
 ParOldGen       total 87552K, used 69945K [0x0000000780000000, 0x0000000785580000, 0x00000007aab00000)
  object space 87552K, 79% used [0x0000000780000000,0x000000078444e4e8,0x0000000785580000)
 Metaspace       used 14236K, capacity 14832K, committed 15104K, reserved 1062912K
  class space    used 2094K, capacity 2229K, committed 2304K, reserved 1048576K
}
Event: 15.034 GC heap before
{Heap before GC invocations=36 (full 15):
 PSYoungGen      total 273920K, used 8213K [0x00000007aab00000, 0x00000007bd300000, 0x00000007c0000000)
  eden space 265216K, 0% used [0x00000007aab00000,0x00000007aab00000,0x00000007bae00000)
  from space 8704K, 94% used [0x00000007bae00000,0x00000007bb6056d8,0x00000007bb680000)
  to   space 18944K, 0% used [0x00000007bc080000,0x00000007bc080000,0x00000007bd300000)
 ParOldGen       total 87552K, used 69945K [0x0000000780000000, 0x0000000785580000, 0x00000007aab00000)
  object space 87552K, 79% used [0x0000000780000000,0x000000078444e4e8,0x0000000785580000)
 Metaspace       used 14236K, capacity 14832K, committed 15104K, reserved 1062912K
  class space    used 2094K, capacity 2229K, committed 2304K, reserved 1048576K

